<?xml version="1.0" encoding="UTF-8"?>
<!-- Generated by org.testng.reporters.JUnitXMLReporter -->
<testsuite ignored="0" hostname="GSLAP13" failures="0" tests="1" name="Userlove Saas Product" time="0.275" errors="0" timestamp="2025-03-05T16:38:43 IST">
  <testcase classname="userloveAdmin.loginTestCase.BaseTest" name="@BeforeClass setup" time="0.171">
    <failure type="org.openqa.selenium.remote.NoSuchDriverException" message="chromedriver located at C:\Users\ashish.prajapati_gai\git\PageObjectModel\PageObjectModel/browserDrivers/chromedriver.exe, but invalid
For documentation on this error, please visit: https://www.selenium.dev/documentation/webdriver/troubleshooting/errors/driver_location/
Build info: version: &amp;apos;4.10.0&amp;apos;, revision: &amp;apos;c14d967899&amp;apos;
System info: os.name: &amp;apos;Windows 10&amp;apos;, os.arch: &amp;apos;amd64&amp;apos;, os.version: &amp;apos;10.0&amp;apos;, java.version: &amp;apos;20.0.2&amp;apos;
Driver info: driver.version: CommonDriver">
      <![CDATA[org.openqa.selenium.remote.NoSuchDriverException: chromedriver located at C:\Users\ashish.prajapati_gai\git\PageObjectModel\PageObjectModel/browserDrivers/chromedriver.exe, but invalid
For documentation on this error, please visit: https://www.selenium.dev/documentation/webdriver/troubleshooting/errors/driver_location/
Build info: version: '4.10.0', revision: 'c14d967899'
System info: os.name: 'Windows 10', os.arch: 'amd64', os.version: '10.0', java.version: '20.0.2'
Driver info: driver.version: CommonDriver
at org.openqa.selenium.remote.service.DriverFinder.getPath(DriverFinder.java:45)
at org.openqa.selenium.chrome.ChromeDriver.generateExecutor(ChromeDriver.java:98)
at org.openqa.selenium.chrome.ChromeDriver.<init>(ChromeDriver.java:87)
at org.openqa.selenium.chrome.ChromeDriver.<init>(ChromeDriver.java:82)
at org.openqa.selenium.chrome.ChromeDriver.<init>(ChromeDriver.java:71)
at commonLibs.implementation.CommonDriver.<init>(CommonDriver.java:36)
at userloveAdmin.loginTestCase.BaseTest.invokeBrowser(BaseTest.java:148)
at userloveAdmin.loginTestCase.BaseTest.setup(BaseTest.java:86)
at java.base/java.util.ArrayList.forEach(ArrayList.java:1511)
... Removed 23 stack frames]]>
    </failure>
  </testcase> <!-- @BeforeClass setup -->
  <testcase classname="userloveAdmin.loginTestCase.BaseTest" name="@AfterMethod afterMethod" time="0.0">
    <skipped/>
  </testcase> <!-- @AfterMethod afterMethod -->
  <testcase classname="userloveAdmin.loginTestCase.BaseTest" name="@AfterClass cleanUp" time="0.0">
    <skipped/>
  </testcase> <!-- @AfterClass cleanUp -->
  <testcase classname="userloveAdmin.loginTestCase.LoginWithValidCredential" name="verifyUserloginwithcorrectCredentials" time="0.0">
    <skipped/>
  </testcase> <!-- verifyUserloginwithcorrectCredentials -->
</testsuite> <!-- Userlove Saas Product -->
